<?xml version="1.0" encoding="UTF-8"?>
<testng-results ignored="0" total="16" passed="16" failed="0" skipped="0">
  <reporter-output>
  </reporter-output>
  <suite started-at="2022-04-14T11:20:11 IST" name="Suite" finished-at="2022-04-14T11:20:11 IST" duration-ms="111">
    <groups>
      <group name="loan">
        <method signature="bikeTest.bikeLoan()[pri:2, instance:test.bikeTest@e7edb54]" name="bikeLoan" class="test.bikeTest"/>
        <method signature="carTest.carLoan()[pri:1, instance:test.carTest@62e7f11d]" name="carLoan" class="test.carTest"/>
      </group> <!-- loan -->
    </groups>
    <test started-at="2022-04-14T11:20:11 IST" name="Test" finished-at="2022-04-14T11:20:11 IST" duration-ms="111">
      <class name="test.TestNgHook">
        <test-method is-config="true" signature="beforeSuite()[pri:0, instance:test.TestNgHook@20f5239f]" started-at="2022-04-14T11:20:11 IST" name="beforeSuite" finished-at="2022-04-14T11:20:11 IST" duration-ms="8" status="PASS">
          <reporter-output>
          </reporter-output>
        </test-method> <!-- beforeSuite -->
        <test-method is-config="true" signature="beforeTest()[pri:0, instance:test.TestNgHook@20f5239f]" started-at="2022-04-14T11:20:11 IST" name="beforeTest" finished-at="2022-04-14T11:20:11 IST" duration-ms="0" status="PASS">
          <reporter-output>
          </reporter-output>
        </test-method> <!-- beforeTest -->
        <test-method is-config="true" signature="beforeClass()[pri:0, instance:test.TestNgHook@20f5239f]" started-at="2022-04-14T11:20:11 IST" name="beforeClass" finished-at="2022-04-14T11:20:11 IST" duration-ms="0" status="PASS">
          <reporter-output>
          </reporter-output>
        </test-method> <!-- beforeClass -->
        <test-method is-config="true" signature="beforeMethod()[pri:0, instance:test.TestNgHook@20f5239f]" started-at="2022-04-14T11:20:11 IST" name="beforeMethod" finished-at="2022-04-14T11:20:11 IST" duration-ms="0" status="PASS">
          <reporter-output>
          </reporter-output>
        </test-method> <!-- beforeMethod -->
        <test-method signature="test1()[pri:0, instance:test.TestNgHook@20f5239f]" started-at="2022-04-14T11:20:11 IST" name="test1" finished-at="2022-04-14T11:20:11 IST" duration-ms="2" status="PASS">
          <reporter-output>
          </reporter-output>
        </test-method> <!-- test1 -->
        <test-method is-config="true" signature="beforeMethod()[pri:0, instance:test.TestNgHook@20f5239f]" started-at="2022-04-14T11:20:11 IST" name="beforeMethod" finished-at="2022-04-14T11:20:11 IST" duration-ms="0" status="PASS">
          <reporter-output>
          </reporter-output>
        </test-method> <!-- beforeMethod -->
        <test-method signature="test2()[pri:0, instance:test.TestNgHook@20f5239f]" started-at="2022-04-14T11:20:11 IST" name="test2" finished-at="2022-04-14T11:20:11 IST" duration-ms="2" status="PASS">
          <reporter-output>
          </reporter-output>
        </test-method> <!-- test2 -->
        <test-method is-config="true" signature="afterMethod()[pri:0, instance:test.TestNgHook@20f5239f]" started-at="2022-04-14T11:20:11 IST" name="afterMethod" finished-at="2022-04-14T11:20:11 IST" duration-ms="0" status="PASS">
          <reporter-output>
          </reporter-output>
        </test-method> <!-- afterMethod -->
        <test-method is-config="true" signature="afterClass()[pri:0, instance:test.TestNgHook@20f5239f]" started-at="2022-04-14T11:20:11 IST" name="afterClass" finished-at="2022-04-14T11:20:11 IST" duration-ms="1" status="PASS">
          <reporter-output>
          </reporter-output>
        </test-method> <!-- afterClass -->
        <test-method is-config="true" signature="afterMethod()[pri:0, instance:test.TestNgHook@20f5239f]" started-at="2022-04-14T11:20:11 IST" name="afterMethod" finished-at="2022-04-14T11:20:11 IST" duration-ms="0" status="PASS">
          <reporter-output>
          </reporter-output>
        </test-method> <!-- afterMethod -->
        <test-method is-config="true" signature="afterTest()[pri:0, instance:test.TestNgHook@20f5239f]" started-at="2022-04-14T11:20:11 IST" name="afterTest" finished-at="2022-04-14T11:20:11 IST" duration-ms="0" status="PASS">
          <reporter-output>
          </reporter-output>
        </test-method> <!-- afterTest -->
        <test-method is-config="true" signature="afterSuite()[pri:0, instance:test.TestNgHook@20f5239f]" started-at="2022-04-14T11:20:12 IST" name="afterSuite" finished-at="2022-04-14T11:20:12 IST" duration-ms="1" status="PASS">
          <reporter-output>
          </reporter-output>
        </test-method> <!-- afterSuite -->
      </class> <!-- test.TestNgHook -->
      <class name="test.carTest">
        <test-method signature="carColor()[pri:0, instance:test.carTest@62e7f11d]" started-at="2022-04-14T11:20:11 IST" name="carColor" finished-at="2022-04-14T11:20:11 IST" duration-ms="6" status="PASS">
          <reporter-output>
          </reporter-output>
        </test-method> <!-- carColor -->
        <test-method signature="carPrice()[pri:0, instance:test.carTest@62e7f11d]" started-at="2022-04-14T11:20:11 IST" name="carPrice" finished-at="2022-04-14T11:20:11 IST" duration-ms="1" status="PASS">
          <reporter-output>
          </reporter-output>
        </test-method> <!-- carPrice -->
        <test-method signature="carLoan()[pri:1, instance:test.carTest@62e7f11d]" started-at="2022-04-14T11:20:11 IST" name="carLoan" finished-at="2022-04-14T11:20:11 IST" duration-ms="1" status="PASS">
          <reporter-output>
          </reporter-output>
        </test-method> <!-- carLoan -->
      </class> <!-- test.carTest -->
      <class name="test.OperationTest">
        <test-method signature="testAdd()[pri:0, instance:test.OperationTest@69e1dd28]" started-at="2022-04-14T11:20:11 IST" name="testAdd" finished-at="2022-04-14T11:20:11 IST" duration-ms="7" status="PASS">
          <reporter-output>
          </reporter-output>
        </test-method> <!-- testAdd -->
        <test-method signature="testDiv()[pri:0, instance:test.OperationTest@69e1dd28]" started-at="2022-04-14T11:20:11 IST" name="testDiv" finished-at="2022-04-14T11:20:11 IST" duration-ms="2" status="PASS">
          <reporter-output>
          </reporter-output>
        </test-method> <!-- testDiv -->
        <test-method signature="testMult()[pri:0, instance:test.OperationTest@69e1dd28]" started-at="2022-04-14T11:20:11 IST" name="testMult" finished-at="2022-04-14T11:20:11 IST" duration-ms="1" status="PASS">
          <reporter-output>
          </reporter-output>
        </test-method> <!-- testMult -->
        <test-method signature="testSub()[pri:0, instance:test.OperationTest@69e1dd28]" started-at="2022-04-14T11:20:11 IST" name="testSub" finished-at="2022-04-14T11:20:11 IST" duration-ms="1" status="PASS">
          <reporter-output>
          </reporter-output>
        </test-method> <!-- testSub -->
      </class> <!-- test.OperationTest -->
      <class name="test.bikeTest">
        <test-method signature="bikeColor()[pri:0, instance:test.bikeTest@e7edb54]" started-at="2022-04-14T11:20:11 IST" name="bikeColor" finished-at="2022-04-14T11:20:11 IST" duration-ms="2" status="PASS">
          <reporter-output>
          </reporter-output>
        </test-method> <!-- bikeColor -->
        <test-method signature="bikePrice()[pri:0, instance:test.bikeTest@e7edb54]" started-at="2022-04-14T11:20:11 IST" name="bikePrice" finished-at="2022-04-14T11:20:11 IST" duration-ms="2" status="PASS">
          <reporter-output>
          </reporter-output>
        </test-method> <!-- bikePrice -->
        <test-method signature="bikeLoan()[pri:2, instance:test.bikeTest@e7edb54]" started-at="2022-04-14T11:20:11 IST" name="bikeLoan" finished-at="2022-04-14T11:20:11 IST" duration-ms="1" status="PASS">
          <reporter-output>
          </reporter-output>
        </test-method> <!-- bikeLoan -->
      </class> <!-- test.bikeTest -->
      <class name="test.PriorityTest">
        <test-method signature="a()[pri:1, instance:test.PriorityTest@11bd0f3b]" started-at="2022-04-14T11:20:11 IST" name="a" finished-at="2022-04-14T11:20:11 IST" duration-ms="1" status="PASS">
          <reporter-output>
          </reporter-output>
        </test-method> <!-- a -->
        <test-method signature="b()[pri:2, instance:test.PriorityTest@11bd0f3b]" started-at="2022-04-14T11:20:11 IST" name="b" finished-at="2022-04-14T11:20:11 IST" duration-ms="2" status="PASS">
          <reporter-output>
          </reporter-output>
        </test-method> <!-- b -->
        <test-method signature="d()[pri:3, instance:test.PriorityTest@11bd0f3b]" started-at="2022-04-14T11:20:11 IST" name="d" finished-at="2022-04-14T11:20:11 IST" duration-ms="1" status="PASS">
          <reporter-output>
          </reporter-output>
        </test-method> <!-- d -->
        <test-method signature="c()[pri:4, instance:test.PriorityTest@11bd0f3b]" started-at="2022-04-14T11:20:11 IST" name="c" finished-at="2022-04-14T11:20:11 IST" duration-ms="2" status="PASS">
          <reporter-output>
          </reporter-output>
        </test-method> <!-- c -->
      </class> <!-- test.PriorityTest -->
    </test> <!-- Test -->
  </suite> <!-- Suite -->
</testng-results>
