<?xml version="1.0" encoding="UTF-8"?>
<!-- Generated by org.testng.reporters.JUnitXMLReporter -->
<testsuite ignored="3" hostname="INSVHER5" failures="0" tests="3" name="MyTest" time="0.095" errors="0" timestamp="2022-04-14T11:11:53 IST">
  <testcase classname="test.TestNgHook" name="test1" time="0.008"/>
  <testcase classname="test.TestNgHook" name="test2" time="0.003"/>
  <testcase classname="test.OperationTest" name="testAdd" time="0.021"/>
  <testcase classname="test.OperationTest" name="testDiv" time="0.0">
    <ignored/>
  </testcase> <!-- testDiv -->
  <testcase classname="test.OperationTest" name="testSub" time="0.0">
    <ignored/>
  </testcase> <!-- testSub -->
  <testcase classname="test.OperationTest" name="testMult" time="0.0">
    <ignored/>
  </testcase> <!-- testMult -->
</testsuite> <!-- MyTest -->
