<?xml version="1.0" encoding="UTF-8"?>
<!-- Generated by org.testng.reporters.JUnitXMLReporter -->
<testsuite ignored="0" hostname="INSVHER5" failures="0" tests="16" name="Test" time="0.111" errors="0" timestamp="2022-04-14T11:20:12 IST">
  <testcase classname="test.carTest" name="carColor" time="0.006"/>
  <testcase classname="test.carTest" name="carPrice" time="0.001"/>
  <testcase classname="test.carTest" name="carLoan" time="0.001"/>
  <testcase classname="test.bikeTest" name="bikeColor" time="0.002"/>
  <testcase classname="test.bikeTest" name="bikePrice" time="0.002"/>
  <testcase classname="test.bikeTest" name="bikeLoan" time="0.001"/>
  <testcase classname="test.OperationTest" name="testAdd" time="0.007"/>
  <testcase classname="test.OperationTest" name="testDiv" time="0.002"/>
  <testcase classname="test.OperationTest" name="testMult" time="0.001"/>
  <testcase classname="test.OperationTest" name="testSub" time="0.001"/>
  <testcase classname="test.PriorityTest" name="a" time="0.001"/>
  <testcase classname="test.PriorityTest" name="b" time="0.002"/>
  <testcase classname="test.PriorityTest" name="d" time="0.001"/>
  <testcase classname="test.PriorityTest" name="c" time="0.002"/>
  <testcase classname="test.TestNgHook" name="test1" time="0.002"/>
  <testcase classname="test.TestNgHook" name="test2" time="0.002"/>
</testsuite> <!-- Test -->
